  [1m[35m (1254.6ms)[0m  [1m[35mCREATE DATABASE "tarea2_development" ENCODING = 'unicode'[0m
  [1m[35m (479.7ms)[0m  [1m[35mCREATE DATABASE "tarea2_test" ENCODING = 'unicode'[0m
  [1m[35m (34.4ms)[0m  [1m[35mCREATE TABLE "schema_migrations" ("version" character varying NOT NULL PRIMARY KEY)[0m
  [1m[35m (6.4ms)[0m  [1m[35mCREATE TABLE "ar_internal_metadata" ("key" character varying NOT NULL PRIMARY KEY, "value" character varying, "created_at" timestamp(6) NOT NULL, "updated_at" timestamp(6) NOT NULL)[0m
  [1m[35m (0.2ms)[0m  [1m[34mSELECT pg_try_advisory_lock(8119508980448988780)[0m
  [1m[35m (0.4ms)[0m  [1m[34mSELECT "schema_migrations"."version" FROM "schema_migrations" ORDER BY "schema_migrations"."version" ASC[0m
Migrating to CreateCursos (20191003221118)
  [1m[35m (0.1ms)[0m  [1m[35mBEGIN[0m
  [1m[35m (17.8ms)[0m  [1m[35mCREATE TABLE "cursos" ("id" bigserial primary key, "nrc" character varying, "created_at" timestamp(6) NOT NULL, "updated_at" timestamp(6) NOT NULL)[0m
  [1m[36mprimary::SchemaMigration Create (4.6ms)[0m  [1m[32mINSERT INTO "schema_migrations" ("version") VALUES ($1) RETURNING "version"[0m  [["version", "20191003221118"]]
  [1m[35m (4.0ms)[0m  [1m[35mCOMMIT[0m
Migrating to CreateEvaluacions (20191003221252)
  [1m[35m (0.2ms)[0m  [1m[35mBEGIN[0m
  [1m[35m (12.7ms)[0m  [1m[35mCREATE TABLE "evaluacions" ("id" bigserial primary key, "nota" integer, "comentario" text, "user_id" bigint NOT NULL, "created_at" timestamp(6) NOT NULL, "updated_at" timestamp(6) NOT NULL, CONSTRAINT "fk_rails_a8356ff118"
FOREIGN KEY ("user_id")
  REFERENCES "users" ("id")
)[0m
  [1m[35m (2.9ms)[0m  [1m[31mROLLBACK[0m
  [1m[35m (2.9ms)[0m  [1m[34mSELECT pg_advisory_unlock(8119508980448988780)[0m
  [1m[35m (0.1ms)[0m  [1m[34mSELECT pg_try_advisory_lock(8119508980448988780)[0m
  [1m[35m (0.5ms)[0m  [1m[34mSELECT "schema_migrations"."version" FROM "schema_migrations" ORDER BY "schema_migrations"."version" ASC[0m
Migrating to CreateEvaluacions (20191003221252)
  [1m[35m (0.1ms)[0m  [1m[35mBEGIN[0m
  [1m[35m (9.0ms)[0m  [1m[35mCREATE TABLE "evaluacions" ("id" bigserial primary key, "nota" integer, "comentario" text, "user_id" bigint NOT NULL, "created_at" timestamp(6) NOT NULL, "updated_at" timestamp(6) NOT NULL, CONSTRAINT "fk_rails_a8356ff118"
FOREIGN KEY ("user_id")
  REFERENCES "users" ("id")
)[0m
  [1m[35m (0.1ms)[0m  [1m[31mROLLBACK[0m
  [1m[35m (5.4ms)[0m  [1m[34mSELECT pg_advisory_unlock(8119508980448988780)[0m
  [1m[35m (0.7ms)[0m  [1m[34mSELECT pg_try_advisory_lock(8119508980448988780)[0m
  [1m[35m (0.6ms)[0m  [1m[34mSELECT "schema_migrations"."version" FROM "schema_migrations" ORDER BY "schema_migrations"."version" ASC[0m
Migrating to CreateEvaluacions (20191003221252)
  [1m[35m (0.1ms)[0m  [1m[35mBEGIN[0m
  [1m[35m (27.1ms)[0m  [1m[35mCREATE TABLE "evaluacions" ("id" bigserial primary key, "nota" integer, "comentario" text, "user_id" bigint NOT NULL, "created_at" timestamp(6) NOT NULL, "updated_at" timestamp(6) NOT NULL, CONSTRAINT "fk_rails_a8356ff118"
FOREIGN KEY ("user_id")
  REFERENCES "users" ("id")
)[0m
  [1m[35m (0.2ms)[0m  [1m[31mROLLBACK[0m
  [1m[35m (4.3ms)[0m  [1m[34mSELECT pg_advisory_unlock(8119508980448988780)[0m
  [1m[35m (0.3ms)[0m  [1m[34mSELECT pg_try_advisory_lock(8119508980448988780)[0m
  [1m[35m (11.0ms)[0m  [1m[34mSELECT "schema_migrations"."version" FROM "schema_migrations" ORDER BY "schema_migrations"."version" ASC[0m
Migrating to DeviseCreateUsers (20191003223033)
  [1m[35m (0.1ms)[0m  [1m[35mBEGIN[0m
  [1m[35m (245.6ms)[0m  [1m[35mCREATE TABLE "users" ("id" bigserial primary key, "email" character varying DEFAULT '' NOT NULL, "encrypted_password" character varying DEFAULT '' NOT NULL, "reset_password_token" character varying, "reset_password_sent_at" timestamp, "remember_created_at" timestamp, "created_at" timestamp(6) NOT NULL, "updated_at" timestamp(6) NOT NULL)[0m
  [1m[35m (3.5ms)[0m  [1m[35mCREATE UNIQUE INDEX  "index_users_on_email" ON "users"  ("email")[0m
  [1m[35m (3.7ms)[0m  [1m[35mCREATE UNIQUE INDEX  "index_users_on_reset_password_token" ON "users"  ("reset_password_token")[0m
  [1m[36mprimary::SchemaMigration Create (2.5ms)[0m  [1m[32mINSERT INTO "schema_migrations" ("version") VALUES ($1) RETURNING "version"[0m  [["version", "20191003223033"]]
  [1m[35m (3.4ms)[0m  [1m[35mCOMMIT[0m
  [1m[36mActiveRecord::InternalMetadata Load (9.4ms)[0m  [1m[34mSELECT "ar_internal_metadata".* FROM "ar_internal_metadata" WHERE "ar_internal_metadata"."key" = $1 LIMIT $2[0m  [["key", "environment"], ["LIMIT", 1]]
  [1m[35m (4.6ms)[0m  [1m[35mBEGIN[0m
  [1m[36mActiveRecord::InternalMetadata Create (4.1ms)[0m  [1m[32mINSERT INTO "ar_internal_metadata" ("key", "value", "created_at", "updated_at") VALUES ($1, $2, $3, $4) RETURNING "key"[0m  [["key", "environment"], ["value", "development"], ["created_at", "2019-10-03 23:03:46.543567"], ["updated_at", "2019-10-03 23:03:46.543567"]]
  [1m[35m (1.0ms)[0m  [1m[35mCOMMIT[0m
  [1m[35m (0.2ms)[0m  [1m[34mSELECT pg_advisory_unlock(8119508980448988780)[0m
  [1m[35m (0.4ms)[0m  [1m[34mSELECT "schema_migrations"."version" FROM "schema_migrations" ORDER BY "schema_migrations"."version" ASC[0m
  [1m[35m (0.1ms)[0m  [1m[34mSELECT pg_try_advisory_lock(8119508980448988780)[0m
  [1m[35m (0.5ms)[0m  [1m[34mSELECT "schema_migrations"."version" FROM "schema_migrations" ORDER BY "schema_migrations"."version" ASC[0m
Migrating to CreateEvaluacions (20191003230418)
  [1m[35m (0.2ms)[0m  [1m[35mBEGIN[0m
  [1m[35m (133.0ms)[0m  [1m[35mCREATE TABLE "evaluacions" ("id" bigserial primary key, "nota" integer, "comentario" text, "user_id" bigint NOT NULL, "created_at" timestamp(6) NOT NULL, "updated_at" timestamp(6) NOT NULL, CONSTRAINT "fk_rails_a8356ff118"
FOREIGN KEY ("user_id")
  REFERENCES "users" ("id")
)[0m
  [1m[35m (2.4ms)[0m  [1m[35mCREATE  INDEX  "index_evaluacions_on_user_id" ON "evaluacions"  ("user_id")[0m
  [1m[36mprimary::SchemaMigration Create (0.3ms)[0m  [1m[32mINSERT INTO "schema_migrations" ("version") VALUES ($1) RETURNING "version"[0m  [["version", "20191003230418"]]
  [1m[35m (1.2ms)[0m  [1m[35mCOMMIT[0m
  [1m[36mActiveRecord::InternalMetadata Load (2.0ms)[0m  [1m[34mSELECT "ar_internal_metadata".* FROM "ar_internal_metadata" WHERE "ar_internal_metadata"."key" = $1 LIMIT $2[0m  [["key", "environment"], ["LIMIT", 1]]
  [1m[35m (0.3ms)[0m  [1m[34mSELECT pg_advisory_unlock(8119508980448988780)[0m
  [1m[35m (1.5ms)[0m  [1m[34mSELECT "schema_migrations"."version" FROM "schema_migrations" ORDER BY "schema_migrations"."version" ASC[0m
  [1m[35m (0.1ms)[0m  [1m[34mSELECT pg_try_advisory_lock(8119508980448988780)[0m
  [1m[35m (0.5ms)[0m  [1m[34mSELECT "schema_migrations"."version" FROM "schema_migrations" ORDER BY "schema_migrations"."version" ASC[0m
Migrating to CreateComentarios (20191003230451)
  [1m[35m (0.2ms)[0m  [1m[35mBEGIN[0m
  [1m[35m (18.8ms)[0m  [1m[35mCREATE TABLE "comentarios" ("id" bigserial primary key, "comentario" text, "user_id" bigint NOT NULL, "post_id" bigint NOT NULL, "created_at" timestamp(6) NOT NULL, "updated_at" timestamp(6) NOT NULL, CONSTRAINT "fk_rails_ba3fc881e1"
FOREIGN KEY ("user_id")
  REFERENCES "users" ("id")
, CONSTRAINT "fk_rails_5d4ddb7416"
FOREIGN KEY ("post_id")
  REFERENCES "posts" ("id")
)[0m
  [1m[35m (2.8ms)[0m  [1m[31mROLLBACK[0m
  [1m[35m (4.2ms)[0m  [1m[34mSELECT pg_advisory_unlock(8119508980448988780)[0m
  [1m[35m (0.1ms)[0m  [1m[34mSELECT pg_try_advisory_lock(8119508980448988780)[0m
  [1m[35m (1.3ms)[0m  [1m[34mSELECT "schema_migrations"."version" FROM "schema_migrations" ORDER BY "schema_migrations"."version" ASC[0m
Migrating to CreateAsignaturas (20191003230510)
  [1m[35m (0.1ms)[0m  [1m[35mBEGIN[0m
  [1m[35m (293.7ms)[0m  [1m[35mCREATE TABLE "asignaturas" ("id" bigserial primary key, "nombre" character varying, "curso_id" bigint NOT NULL, "user_id" bigint NOT NULL, "created_at" timestamp(6) NOT NULL, "updated_at" timestamp(6) NOT NULL, CONSTRAINT "fk_rails_9fc63d5b32"
FOREIGN KEY ("curso_id")
  REFERENCES "cursos" ("id")
, CONSTRAINT "fk_rails_794e36d2e2"
FOREIGN KEY ("user_id")
  REFERENCES "users" ("id")
)[0m
  [1m[35m (2.8ms)[0m  [1m[35mCREATE  INDEX  "index_asignaturas_on_curso_id" ON "asignaturas"  ("curso_id")[0m
  [1m[35m (3.3ms)[0m  [1m[35mCREATE  INDEX  "index_asignaturas_on_user_id" ON "asignaturas"  ("user_id")[0m
  [1m[36mprimary::SchemaMigration Create (0.6ms)[0m  [1m[32mINSERT INTO "schema_migrations" ("version") VALUES ($1) RETURNING "version"[0m  [["version", "20191003230510"]]
  [1m[35m (1.9ms)[0m  [1m[35mCOMMIT[0m
Migrating to CreatePosts (20191003230535)
  [1m[35m (2.9ms)[0m  [1m[35mBEGIN[0m
  [1m[35m (12.2ms)[0m  [1m[35mCREATE TABLE "posts" ("id" bigserial primary key, "titulo" character varying, "comentario" text, "user_id" bigint NOT NULL, "asignatura_id" bigint NOT NULL, "created_at" timestamp(6) NOT NULL, "updated_at" timestamp(6) NOT NULL, CONSTRAINT "fk_rails_5b5ddfd518"
FOREIGN KEY ("user_id")
  REFERENCES "users" ("id")
, CONSTRAINT "fk_rails_d44e4b1a64"
FOREIGN KEY ("asignatura_id")
  REFERENCES "asignaturas" ("id")
)[0m
  [1m[35m (2.6ms)[0m  [1m[35mCREATE  INDEX  "index_posts_on_user_id" ON "posts"  ("user_id")[0m
  [1m[35m (3.6ms)[0m  [1m[35mCREATE  INDEX  "index_posts_on_asignatura_id" ON "posts"  ("asignatura_id")[0m
  [1m[36mprimary::SchemaMigration Create (0.4ms)[0m  [1m[32mINSERT INTO "schema_migrations" ("version") VALUES ($1) RETURNING "version"[0m  [["version", "20191003230535"]]
  [1m[35m (2.1ms)[0m  [1m[35mCOMMIT[0m
  [1m[36mActiveRecord::InternalMetadata Load (0.4ms)[0m  [1m[34mSELECT "ar_internal_metadata".* FROM "ar_internal_metadata" WHERE "ar_internal_metadata"."key" = $1 LIMIT $2[0m  [["key", "environment"], ["LIMIT", 1]]
  [1m[35m (4.9ms)[0m  [1m[34mSELECT pg_advisory_unlock(8119508980448988780)[0m
  [1m[35m (2.0ms)[0m  [1m[34mSELECT "schema_migrations"."version" FROM "schema_migrations" ORDER BY "schema_migrations"."version" ASC[0m
  [1m[35m (0.1ms)[0m  [1m[34mSELECT pg_try_advisory_lock(8119508980448988780)[0m
  [1m[35m (0.5ms)[0m  [1m[34mSELECT "schema_migrations"."version" FROM "schema_migrations" ORDER BY "schema_migrations"."version" ASC[0m
Migrating to CreateComentarios (20191003230919)
  [1m[35m (0.1ms)[0m  [1m[35mBEGIN[0m
  [1m[35m (13.2ms)[0m  [1m[35mCREATE TABLE "comentarios" ("id" bigserial primary key, "comentario" text, "user_id" bigint NOT NULL, "post_id" bigint NOT NULL, "created_at" timestamp(6) NOT NULL, "updated_at" timestamp(6) NOT NULL, CONSTRAINT "fk_rails_ba3fc881e1"
FOREIGN KEY ("user_id")
  REFERENCES "users" ("id")
, CONSTRAINT "fk_rails_5d4ddb7416"
FOREIGN KEY ("post_id")
  REFERENCES "posts" ("id")
)[0m
  [1m[35m (2.5ms)[0m  [1m[35mCREATE  INDEX  "index_comentarios_on_user_id" ON "comentarios"  ("user_id")[0m
  [1m[35m (2.7ms)[0m  [1m[35mCREATE  INDEX  "index_comentarios_on_post_id" ON "comentarios"  ("post_id")[0m
  [1m[36mprimary::SchemaMigration Create (0.2ms)[0m  [1m[32mINSERT INTO "schema_migrations" ("version") VALUES ($1) RETURNING "version"[0m  [["version", "20191003230919"]]
  [1m[35m (1.4ms)[0m  [1m[35mCOMMIT[0m
  [1m[36mActiveRecord::InternalMetadata Load (0.3ms)[0m  [1m[34mSELECT "ar_internal_metadata".* FROM "ar_internal_metadata" WHERE "ar_internal_metadata"."key" = $1 LIMIT $2[0m  [["key", "environment"], ["LIMIT", 1]]
  [1m[35m (3.2ms)[0m  [1m[34mSELECT pg_advisory_unlock(8119508980448988780)[0m
  [1m[35m (2.1ms)[0m  [1m[34mSELECT "schema_migrations"."version" FROM "schema_migrations" ORDER BY "schema_migrations"."version" ASC[0m
  [1m[35m (0.3ms)[0m  [1m[34mSELECT pg_try_advisory_lock(8119508980448988780)[0m
  [1m[35m (24.9ms)[0m  [1m[34mSELECT "schema_migrations"."version" FROM "schema_migrations" ORDER BY "schema_migrations"."version" ASC[0m
  [1m[36mActiveRecord::InternalMetadata Load (19.2ms)[0m  [1m[34mSELECT "ar_internal_metadata".* FROM "ar_internal_metadata" WHERE "ar_internal_metadata"."key" = $1 LIMIT $2[0m  [["key", "environment"], ["LIMIT", 1]]
  [1m[35m (0.3ms)[0m  [1m[34mSELECT pg_advisory_unlock(8119508980448988780)[0m
  [1m[35m (0.7ms)[0m  [1m[34mSELECT "schema_migrations"."version" FROM "schema_migrations" ORDER BY "schema_migrations"."version" ASC[0m
  [1m[35m (0.6ms)[0m  [1m[34mSELECT pg_try_advisory_lock(8119508980448988780)[0m
  [1m[35m (0.9ms)[0m  [1m[34mSELECT "schema_migrations"."version" FROM "schema_migrations" ORDER BY "schema_migrations"."version" ASC[0m
Migrating to AddColumnsToUsers (20191004013428)
  [1m[35m (0.2ms)[0m  [1m[35mBEGIN[0m
  [1m[35m (55.6ms)[0m  [1m[35mALTER TABLE "users" ADD "nombre" character varying[0m
  [1m[35m (0.3ms)[0m  [1m[35mALTER TABLE "users" ADD "apellido" character varying[0m
  [1m[35m (0.3ms)[0m  [1m[35mALTER TABLE "users" ADD "username" character varying[0m
  [1m[35m (0.7ms)[0m  [1m[35mALTER TABLE "users" ADD "tipouser" integer[0m
  [1m[36mprimary::SchemaMigration Create (2.3ms)[0m  [1m[32mINSERT INTO "schema_migrations" ("version") VALUES ($1) RETURNING "version"[0m  [["version", "20191004013428"]]
  [1m[35m (10.0ms)[0m  [1m[35mCOMMIT[0m
  [1m[36mActiveRecord::InternalMetadata Load (5.5ms)[0m  [1m[34mSELECT "ar_internal_metadata".* FROM "ar_internal_metadata" WHERE "ar_internal_metadata"."key" = $1 LIMIT $2[0m  [["key", "environment"], ["LIMIT", 1]]
  [1m[35m (0.5ms)[0m  [1m[34mSELECT pg_advisory_unlock(8119508980448988780)[0m
  [1m[35m (1.1ms)[0m  [1m[34mSELECT "schema_migrations"."version" FROM "schema_migrations" ORDER BY "schema_migrations"."version" ASC[0m
Started GET "/" for 127.0.0.1 at 2019-10-03 23:22:08 -0300
  [1m[35m (26.9ms)[0m  [1m[34mSELECT "schema_migrations"."version" FROM "schema_migrations" ORDER BY "schema_migrations"."version" ASC[0m
Processing by Rails::WelcomeController#index as HTML
  Rendering /home/kingbayron/.rbenv/versions/2.6.4/lib/ruby/gems/2.6.0/gems/railties-6.0.0/lib/rails/templates/rails/welcome/index.html.erb
  Rendered /home/kingbayron/.rbenv/versions/2.6.4/lib/ruby/gems/2.6.0/gems/railties-6.0.0/lib/rails/templates/rails/welcome/index.html.erb (Duration: 16.3ms | Allocations: 480)
Completed 200 OK in 81ms (Views: 23.9ms | ActiveRecord: 0.0ms | Allocations: 2809)


Started GET "/users/sign_up" for 127.0.0.1 at 2019-10-04 17:49:59 -0300
  [1m[35m (27.6ms)[0m  [1m[34mSELECT "schema_migrations"."version" FROM "schema_migrations" ORDER BY "schema_migrations"."version" ASC[0m
Processing by Devise::RegistrationsController#new as HTML
  Rendering /home/kingbayron/.rbenv/versions/2.6.4/lib/ruby/gems/2.6.0/gems/devise-4.7.1/app/views/devise/registrations/new.html.erb within layouts/application
  Rendered /home/kingbayron/.rbenv/versions/2.6.4/lib/ruby/gems/2.6.0/gems/devise-4.7.1/app/views/devise/shared/_error_messages.html.erb (Duration: 5.3ms | Allocations: 205)
  Rendered /home/kingbayron/.rbenv/versions/2.6.4/lib/ruby/gems/2.6.0/gems/devise-4.7.1/app/views/devise/shared/_links.html.erb (Duration: 11.4ms | Allocations: 524)
  Rendered /home/kingbayron/.rbenv/versions/2.6.4/lib/ruby/gems/2.6.0/gems/devise-4.7.1/app/views/devise/registrations/new.html.erb within layouts/application (Duration: 143.8ms | Allocations: 9206)
[Webpacker] Compiling…
[Webpacker] Compiled all packs in /home/kingbayron/Desktop/ruby/tarea2/public/packs
Completed 200 OK in 13492ms (Views: 13405.1ms | ActiveRecord: 63.8ms | Allocations: 1268754)


Started GET "/users/sign_up" for 127.0.0.1 at 2019-10-04 17:50:15 -0300
Processing by Devise::RegistrationsController#new as HTML
  Rendering /home/kingbayron/.rbenv/versions/2.6.4/lib/ruby/gems/2.6.0/gems/devise-4.7.1/app/views/devise/registrations/new.html.erb within layouts/application
  Rendered /home/kingbayron/.rbenv/versions/2.6.4/lib/ruby/gems/2.6.0/gems/devise-4.7.1/app/views/devise/shared/_error_messages.html.erb (Duration: 0.0ms | Allocations: 15)
  Rendered /home/kingbayron/.rbenv/versions/2.6.4/lib/ruby/gems/2.6.0/gems/devise-4.7.1/app/views/devise/shared/_links.html.erb (Duration: 0.1ms | Allocations: 78)
  Rendered /home/kingbayron/.rbenv/versions/2.6.4/lib/ruby/gems/2.6.0/gems/devise-4.7.1/app/views/devise/registrations/new.html.erb within layouts/application (Duration: 3.4ms | Allocations: 1074)
Completed 200 OK in 18ms (Views: 17.6ms | ActiveRecord: 0.0ms | Allocations: 4835)


Started GET "/users/sign_up" for 127.0.0.1 at 2019-10-04 17:52:41 -0300
Processing by Devise::RegistrationsController#new as HTML
  Rendering /home/kingbayron/.rbenv/versions/2.6.4/lib/ruby/gems/2.6.0/gems/devise-4.7.1/app/views/devise/registrations/new.html.erb within layouts/application
  Rendered /home/kingbayron/.rbenv/versions/2.6.4/lib/ruby/gems/2.6.0/gems/devise-4.7.1/app/views/devise/shared/_error_messages.html.erb (Duration: 0.0ms | Allocations: 15)
  Rendered /home/kingbayron/.rbenv/versions/2.6.4/lib/ruby/gems/2.6.0/gems/devise-4.7.1/app/views/devise/shared/_links.html.erb (Duration: 0.1ms | Allocations: 77)
  Rendered /home/kingbayron/.rbenv/versions/2.6.4/lib/ruby/gems/2.6.0/gems/devise-4.7.1/app/views/devise/registrations/new.html.erb within layouts/application (Duration: 3.5ms | Allocations: 1059)
Completed 200 OK in 16ms (Views: 14.9ms | ActiveRecord: 0.0ms | Allocations: 4929)


Started POST "/users" for 127.0.0.1 at 2019-10-04 17:53:01 -0300
Processing by Devise::RegistrationsController#create as HTML
  Parameters: {"authenticity_token"=>"4rkj9z0ZRLNXAlgtkR0LzyAScdQXuMnqGtuS9r1j+W02os0lKYXrBB2lMuhYQogqsEGQtn6N3/9v9uY8mAt0xQ==", "user"=>{"email"=>"kingbayron@gmail.com", "password"=>"[FILTERED]", "password_confirmation"=>"[FILTERED]"}, "commit"=>"Sign up"}
  [1m[35m (1.2ms)[0m  [1m[35mBEGIN[0m
  [1m[36mUser Exists? (13.5ms)[0m  [1m[34mSELECT 1 AS one FROM "users" WHERE "users"."email" = $1 LIMIT $2[0m  [["email", "kingbayron@gmail.com"], ["LIMIT", 1]]
  [1m[36mUser Create (40.8ms)[0m  [1m[32mINSERT INTO "users" ("email", "encrypted_password", "created_at", "updated_at") VALUES ($1, $2, $3, $4) RETURNING "id"[0m  [["email", "kingbayron@gmail.com"], ["encrypted_password", "$2a$11$BAWtpRRWDyMphw8NZdw73OgkA5jmjEzcSjWbZY4qDMWftEYCj1u1O"], ["created_at", "2019-10-04 20:53:01.651321"], ["updated_at", "2019-10-04 20:53:01.651321"]]
  [1m[35m (0.9ms)[0m  [1m[35mCOMMIT[0m
Redirected to http://localhost:3000/
Completed 302 Found in 350ms (ActiveRecord: 56.4ms | Allocations: 11248)


Started GET "/" for 127.0.0.1 at 2019-10-04 17:53:01 -0300
Processing by Rails::WelcomeController#index as HTML
  Rendering /home/kingbayron/.rbenv/versions/2.6.4/lib/ruby/gems/2.6.0/gems/railties-6.0.0/lib/rails/templates/rails/welcome/index.html.erb
  Rendered /home/kingbayron/.rbenv/versions/2.6.4/lib/ruby/gems/2.6.0/gems/railties-6.0.0/lib/rails/templates/rails/welcome/index.html.erb (Duration: 20.1ms | Allocations: 194)
Completed 200 OK in 39ms (Views: 23.3ms | ActiveRecord: 0.0ms | Allocations: 1031)


Started GET "/" for 127.0.0.1 at 2019-10-04 21:36:42 -0300
  [1m[35m (36.1ms)[0m  [1m[34mSELECT "schema_migrations"."version" FROM "schema_migrations" ORDER BY "schema_migrations"."version" ASC[0m
Processing by Rails::WelcomeController#index as HTML
  Rendering /home/kingbayron/.rbenv/versions/2.6.4/lib/ruby/gems/2.6.0/gems/railties-6.0.0/lib/rails/templates/rails/welcome/index.html.erb
  Rendered /home/kingbayron/.rbenv/versions/2.6.4/lib/ruby/gems/2.6.0/gems/railties-6.0.0/lib/rails/templates/rails/welcome/index.html.erb (Duration: 27.1ms | Allocations: 309)
Completed 200 OK in 86ms (Views: 37.3ms | ActiveRecord: 0.0ms | Allocations: 1728)


Started GET "/user/singup" for 127.0.0.1 at 2019-10-04 21:36:51 -0300
  
ActionController::RoutingError (No route matches [GET] "/user/singup"):
  
actionpack (6.0.0) lib/action_dispatch/middleware/debug_exceptions.rb:36:in `call'
web-console (4.0.1) lib/web_console/middleware.rb:132:in `call_app'
web-console (4.0.1) lib/web_console/middleware.rb:28:in `block in call'
web-console (4.0.1) lib/web_console/middleware.rb:17:in `catch'
web-console (4.0.1) lib/web_console/middleware.rb:17:in `call'
actionpack (6.0.0) lib/action_dispatch/middleware/show_exceptions.rb:33:in `call'
railties (6.0.0) lib/rails/rack/logger.rb:38:in `call_app'
railties (6.0.0) lib/rails/rack/logger.rb:26:in `block in call'
activesupport (6.0.0) lib/active_support/tagged_logging.rb:80:in `block in tagged'
activesupport (6.0.0) lib/active_support/tagged_logging.rb:28:in `tagged'
activesupport (6.0.0) lib/active_support/tagged_logging.rb:80:in `tagged'
railties (6.0.0) lib/rails/rack/logger.rb:26:in `call'
sprockets-rails (3.2.1) lib/sprockets/rails/quiet_assets.rb:13:in `call'
actionpack (6.0.0) lib/action_dispatch/middleware/remote_ip.rb:81:in `call'
actionpack (6.0.0) lib/action_dispatch/middleware/request_id.rb:27:in `call'
rack (2.0.7) lib/rack/method_override.rb:22:in `call'
rack (2.0.7) lib/rack/runtime.rb:22:in `call'
activesupport (6.0.0) lib/active_support/cache/strategy/local_cache_middleware.rb:29:in `call'
actionpack (6.0.0) lib/action_dispatch/middleware/executor.rb:14:in `call'
actionpack (6.0.0) lib/action_dispatch/middleware/static.rb:126:in `call'
rack (2.0.7) lib/rack/sendfile.rb:111:in `call'
actionpack (6.0.0) lib/action_dispatch/middleware/host_authorization.rb:83:in `call'
webpacker (4.0.7) lib/webpacker/dev_server_proxy.rb:29:in `perform_request'
rack-proxy (0.6.5) lib/rack/proxy.rb:57:in `call'
railties (6.0.0) lib/rails/engine.rb:526:in `call'
puma (3.12.1) lib/puma/configuration.rb:227:in `call'
puma (3.12.1) lib/puma/server.rb:660:in `handle_request'
puma (3.12.1) lib/puma/server.rb:474:in `process_client'
puma (3.12.1) lib/puma/server.rb:334:in `block in run'
puma (3.12.1) lib/puma/thread_pool.rb:135:in `block in spawn_thread'
Started GET "/users/singup" for 127.0.0.1 at 2019-10-04 21:37:00 -0300
  
ActionController::RoutingError (No route matches [GET] "/users/singup"):
  
actionpack (6.0.0) lib/action_dispatch/middleware/debug_exceptions.rb:36:in `call'
web-console (4.0.1) lib/web_console/middleware.rb:132:in `call_app'
web-console (4.0.1) lib/web_console/middleware.rb:28:in `block in call'
web-console (4.0.1) lib/web_console/middleware.rb:17:in `catch'
web-console (4.0.1) lib/web_console/middleware.rb:17:in `call'
actionpack (6.0.0) lib/action_dispatch/middleware/show_exceptions.rb:33:in `call'
railties (6.0.0) lib/rails/rack/logger.rb:38:in `call_app'
railties (6.0.0) lib/rails/rack/logger.rb:26:in `block in call'
activesupport (6.0.0) lib/active_support/tagged_logging.rb:80:in `block in tagged'
activesupport (6.0.0) lib/active_support/tagged_logging.rb:28:in `tagged'
activesupport (6.0.0) lib/active_support/tagged_logging.rb:80:in `tagged'
railties (6.0.0) lib/rails/rack/logger.rb:26:in `call'
sprockets-rails (3.2.1) lib/sprockets/rails/quiet_assets.rb:13:in `call'
actionpack (6.0.0) lib/action_dispatch/middleware/remote_ip.rb:81:in `call'
actionpack (6.0.0) lib/action_dispatch/middleware/request_id.rb:27:in `call'
rack (2.0.7) lib/rack/method_override.rb:22:in `call'
rack (2.0.7) lib/rack/runtime.rb:22:in `call'
activesupport (6.0.0) lib/active_support/cache/strategy/local_cache_middleware.rb:29:in `call'
actionpack (6.0.0) lib/action_dispatch/middleware/executor.rb:14:in `call'
actionpack (6.0.0) lib/action_dispatch/middleware/static.rb:126:in `call'
rack (2.0.7) lib/rack/sendfile.rb:111:in `call'
actionpack (6.0.0) lib/action_dispatch/middleware/host_authorization.rb:83:in `call'
webpacker (4.0.7) lib/webpacker/dev_server_proxy.rb:29:in `perform_request'
rack-proxy (0.6.5) lib/rack/proxy.rb:57:in `call'
railties (6.0.0) lib/rails/engine.rb:526:in `call'
puma (3.12.1) lib/puma/configuration.rb:227:in `call'
puma (3.12.1) lib/puma/server.rb:660:in `handle_request'
puma (3.12.1) lib/puma/server.rb:474:in `process_client'
puma (3.12.1) lib/puma/server.rb:334:in `block in run'
puma (3.12.1) lib/puma/thread_pool.rb:135:in `block in spawn_thread'
Started GET "/users/singin" for 127.0.0.1 at 2019-10-04 21:37:04 -0300
  
ActionController::RoutingError (No route matches [GET] "/users/singin"):
  
actionpack (6.0.0) lib/action_dispatch/middleware/debug_exceptions.rb:36:in `call'
web-console (4.0.1) lib/web_console/middleware.rb:132:in `call_app'
web-console (4.0.1) lib/web_console/middleware.rb:28:in `block in call'
web-console (4.0.1) lib/web_console/middleware.rb:17:in `catch'
web-console (4.0.1) lib/web_console/middleware.rb:17:in `call'
actionpack (6.0.0) lib/action_dispatch/middleware/show_exceptions.rb:33:in `call'
railties (6.0.0) lib/rails/rack/logger.rb:38:in `call_app'
railties (6.0.0) lib/rails/rack/logger.rb:26:in `block in call'
activesupport (6.0.0) lib/active_support/tagged_logging.rb:80:in `block in tagged'
activesupport (6.0.0) lib/active_support/tagged_logging.rb:28:in `tagged'
activesupport (6.0.0) lib/active_support/tagged_logging.rb:80:in `tagged'
railties (6.0.0) lib/rails/rack/logger.rb:26:in `call'
sprockets-rails (3.2.1) lib/sprockets/rails/quiet_assets.rb:13:in `call'
actionpack (6.0.0) lib/action_dispatch/middleware/remote_ip.rb:81:in `call'
actionpack (6.0.0) lib/action_dispatch/middleware/request_id.rb:27:in `call'
rack (2.0.7) lib/rack/method_override.rb:22:in `call'
rack (2.0.7) lib/rack/runtime.rb:22:in `call'
activesupport (6.0.0) lib/active_support/cache/strategy/local_cache_middleware.rb:29:in `call'
actionpack (6.0.0) lib/action_dispatch/middleware/executor.rb:14:in `call'
actionpack (6.0.0) lib/action_dispatch/middleware/static.rb:126:in `call'
rack (2.0.7) lib/rack/sendfile.rb:111:in `call'
actionpack (6.0.0) lib/action_dispatch/middleware/host_authorization.rb:83:in `call'
webpacker (4.0.7) lib/webpacker/dev_server_proxy.rb:29:in `perform_request'
rack-proxy (0.6.5) lib/rack/proxy.rb:57:in `call'
railties (6.0.0) lib/rails/engine.rb:526:in `call'
puma (3.12.1) lib/puma/configuration.rb:227:in `call'
puma (3.12.1) lib/puma/server.rb:660:in `handle_request'
puma (3.12.1) lib/puma/server.rb:474:in `process_client'
puma (3.12.1) lib/puma/server.rb:334:in `block in run'
puma (3.12.1) lib/puma/thread_pool.rb:135:in `block in spawn_thread'
Started GET "/user/singin" for 127.0.0.1 at 2019-10-04 21:37:08 -0300
  
ActionController::RoutingError (No route matches [GET] "/user/singin"):
  
actionpack (6.0.0) lib/action_dispatch/middleware/debug_exceptions.rb:36:in `call'
web-console (4.0.1) lib/web_console/middleware.rb:132:in `call_app'
web-console (4.0.1) lib/web_console/middleware.rb:28:in `block in call'
web-console (4.0.1) lib/web_console/middleware.rb:17:in `catch'
web-console (4.0.1) lib/web_console/middleware.rb:17:in `call'
actionpack (6.0.0) lib/action_dispatch/middleware/show_exceptions.rb:33:in `call'
railties (6.0.0) lib/rails/rack/logger.rb:38:in `call_app'
railties (6.0.0) lib/rails/rack/logger.rb:26:in `block in call'
activesupport (6.0.0) lib/active_support/tagged_logging.rb:80:in `block in tagged'
activesupport (6.0.0) lib/active_support/tagged_logging.rb:28:in `tagged'
activesupport (6.0.0) lib/active_support/tagged_logging.rb:80:in `tagged'
railties (6.0.0) lib/rails/rack/logger.rb:26:in `call'
sprockets-rails (3.2.1) lib/sprockets/rails/quiet_assets.rb:13:in `call'
actionpack (6.0.0) lib/action_dispatch/middleware/remote_ip.rb:81:in `call'
actionpack (6.0.0) lib/action_dispatch/middleware/request_id.rb:27:in `call'
rack (2.0.7) lib/rack/method_override.rb:22:in `call'
rack (2.0.7) lib/rack/runtime.rb:22:in `call'
activesupport (6.0.0) lib/active_support/cache/strategy/local_cache_middleware.rb:29:in `call'
actionpack (6.0.0) lib/action_dispatch/middleware/executor.rb:14:in `call'
actionpack (6.0.0) lib/action_dispatch/middleware/static.rb:126:in `call'
rack (2.0.7) lib/rack/sendfile.rb:111:in `call'
actionpack (6.0.0) lib/action_dispatch/middleware/host_authorization.rb:83:in `call'
webpacker (4.0.7) lib/webpacker/dev_server_proxy.rb:29:in `perform_request'
rack-proxy (0.6.5) lib/rack/proxy.rb:57:in `call'
railties (6.0.0) lib/rails/engine.rb:526:in `call'
puma (3.12.1) lib/puma/configuration.rb:227:in `call'
puma (3.12.1) lib/puma/server.rb:660:in `handle_request'
puma (3.12.1) lib/puma/server.rb:474:in `process_client'
puma (3.12.1) lib/puma/server.rb:334:in `block in run'
puma (3.12.1) lib/puma/thread_pool.rb:135:in `block in spawn_thread'
Started GET "/users/sign_up" for 127.0.0.1 at 2019-10-04 21:37:27 -0300
Processing by Devise::RegistrationsController#new as HTML
  Rendering /home/kingbayron/.rbenv/versions/2.6.4/lib/ruby/gems/2.6.0/gems/devise-4.7.1/app/views/devise/registrations/new.html.erb within layouts/application
  Rendered /home/kingbayron/.rbenv/versions/2.6.4/lib/ruby/gems/2.6.0/gems/devise-4.7.1/app/views/devise/shared/_error_messages.html.erb (Duration: 1.3ms | Allocations: 204)
  Rendered /home/kingbayron/.rbenv/versions/2.6.4/lib/ruby/gems/2.6.0/gems/devise-4.7.1/app/views/devise/shared/_links.html.erb (Duration: 1.5ms | Allocations: 524)
  Rendered /home/kingbayron/.rbenv/versions/2.6.4/lib/ruby/gems/2.6.0/gems/devise-4.7.1/app/views/devise/registrations/new.html.erb within layouts/application (Duration: 54.3ms | Allocations: 4967)
Completed 200 OK in 2664ms (Views: 2589.5ms | ActiveRecord: 57.3ms | Allocations: 1256491)


Started GET "/" for 127.0.0.1 at 2019-10-05 00:50:34 -0300
  [1m[35m (19.7ms)[0m  [1m[34mSELECT "schema_migrations"."version" FROM "schema_migrations" ORDER BY "schema_migrations"."version" ASC[0m
Processing by Rails::WelcomeController#index as HTML
  Rendering /home/kingbayron/.rbenv/versions/2.6.4/lib/ruby/gems/2.6.0/gems/railties-6.0.0/lib/rails/templates/rails/welcome/index.html.erb
  Rendered /home/kingbayron/.rbenv/versions/2.6.4/lib/ruby/gems/2.6.0/gems/railties-6.0.0/lib/rails/templates/rails/welcome/index.html.erb (Duration: 27.2ms | Allocations: 309)
Completed 200 OK in 64ms (Views: 33.0ms | ActiveRecord: 0.0ms | Allocations: 1728)


Started GET "/users/sign_up" for 127.0.0.1 at 2019-10-05 00:50:44 -0300
Processing by Devise::RegistrationsController#new as HTML
  Rendering devise/registrations/new.html.erb within layouts/application
  Rendered devise/shared/_error_messages.html.erb (Duration: 1.6ms | Allocations: 207)
  Rendered devise/shared/_links.html.erb (Duration: 1.1ms | Allocations: 530)
  Rendered devise/registrations/new.html.erb within layouts/application (Duration: 55.2ms | Allocations: 5179)
Completed 200 OK in 1718ms (Views: 1562.4ms | ActiveRecord: 111.6ms | Allocations: 1256592)


Started POST "/users" for 127.0.0.1 at 2019-10-05 00:51:29 -0300
Processing by Devise::RegistrationsController#create as HTML
  Parameters: {"authenticity_token"=>"hivFiBqfT5J6sCsur7KSX+K+a8OkpuKseQAlnDwKBbDwSeKl8R0dG2Msm9kLGmoCqVWovLW2rfm8GYdSbGZkMw==", "user"=>{"email"=>"bffuentealba@gmail.com", "nombre"=>"bayron", "password"=>"[FILTERED]", "password_confirmation"=>"[FILTERED]"}, "commit"=>"Sign up"}
[31mUnpermitted parameter: :nombre[0m
  [1m[35m (2.4ms)[0m  [1m[35mBEGIN[0m
  [1m[36mUser Exists? (9.5ms)[0m  [1m[34mSELECT 1 AS one FROM "users" WHERE "users"."email" = $1 LIMIT $2[0m  [["email", "bffuentealba@gmail.com"], ["LIMIT", 1]]
  [1m[36mUser Create (46.2ms)[0m  [1m[32mINSERT INTO "users" ("email", "encrypted_password", "created_at", "updated_at") VALUES ($1, $2, $3, $4) RETURNING "id"[0m  [["email", "bffuentealba@gmail.com"], ["encrypted_password", "$2a$11$HEGZhrevzzUJ3B.Du/Q7WOQxfIzQ2maeg8bHzYSp8eDVMGTDi2yOK"], ["created_at", "2019-10-05 03:51:29.680975"], ["updated_at", "2019-10-05 03:51:29.680975"]]
  [1m[35m (8.1ms)[0m  [1m[35mCOMMIT[0m
Redirected to http://localhost:3000/
Completed 302 Found in 368ms (ActiveRecord: 66.2ms | Allocations: 9831)


Started GET "/" for 127.0.0.1 at 2019-10-05 00:51:29 -0300
Processing by Rails::WelcomeController#index as HTML
  Rendering /home/kingbayron/.rbenv/versions/2.6.4/lib/ruby/gems/2.6.0/gems/railties-6.0.0/lib/rails/templates/rails/welcome/index.html.erb
  Rendered /home/kingbayron/.rbenv/versions/2.6.4/lib/ruby/gems/2.6.0/gems/railties-6.0.0/lib/rails/templates/rails/welcome/index.html.erb (Duration: 19.7ms | Allocations: 189)
Completed 200 OK in 26ms (Views: 24.8ms | ActiveRecord: 0.0ms | Allocations: 961)


Started GET "/" for 127.0.0.1 at 2019-10-05 01:09:24 -0300
Started GET "/" for 127.0.0.1 at 2019-10-05 01:13:47 -0300
Started GET "/" for 127.0.0.1 at 2019-10-05 01:16:13 -0300
Started GET "/" for 127.0.0.1 at 2019-10-05 01:16:28 -0300
Started GET "/users/sign_up" for 127.0.0.1 at 2019-10-05 01:16:29 -0300
  [1m[35m (26.4ms)[0m  [1m[34mSELECT "schema_migrations"."version" FROM "schema_migrations" ORDER BY "schema_migrations"."version" ASC[0m
  [1m[35m (109.3ms)[0m  [1m[34mSELECT "schema_migrations"."version" FROM "schema_migrations" ORDER BY "schema_migrations"."version" ASC[0m
  [1m[35m (107.0ms)[0m  [1m[34mSELECT "schema_migrations"."version" FROM "schema_migrations" ORDER BY "schema_migrations"."version" ASC[0m
Processing by Rails::WelcomeController#index as HTML
Processing by Rails::WelcomeController#index as HTML
Processing by Rails::WelcomeController#index as HTML
  Rendering /home/kingbayron/.rbenv/versions/2.6.4/lib/ruby/gems/2.6.0/gems/railties-6.0.0/lib/rails/templates/rails/welcome/index.html.erb
  Rendering /home/kingbayron/.rbenv/versions/2.6.4/lib/ruby/gems/2.6.0/gems/railties-6.0.0/lib/rails/templates/rails/welcome/index.html.erb
  Rendering /home/kingbayron/.rbenv/versions/2.6.4/lib/ruby/gems/2.6.0/gems/railties-6.0.0/lib/rails/templates/rails/welcome/index.html.erb
  Rendered /home/kingbayron/.rbenv/versions/2.6.4/lib/ruby/gems/2.6.0/gems/railties-6.0.0/lib/rails/templates/rails/welcome/index.html.erb (Duration: 22.7ms | Allocations: 327)
  Rendered /home/kingbayron/.rbenv/versions/2.6.4/lib/ruby/gems/2.6.0/gems/railties-6.0.0/lib/rails/templates/rails/welcome/index.html.erb (Duration: 14.6ms | Allocations: 230)
  Rendered /home/kingbayron/.rbenv/versions/2.6.4/lib/ruby/gems/2.6.0/gems/railties-6.0.0/lib/rails/templates/rails/welcome/index.html.erb (Duration: 14.7ms | Allocations: 243)
Completed 200 OK in 57ms (Views: 32.2ms | ActiveRecord: 0.0ms | Allocations: 2137)


Completed 200 OK in 55ms (Views: 28.8ms | ActiveRecord: 0.0ms | Allocations: 1968)


Completed 200 OK in 68ms (Views: 28.8ms | ActiveRecord: 0.0ms | Allocations: 2640)


Started GET "/" for 127.0.0.1 at 2019-10-05 01:17:07 -0300
Processing by Rails::WelcomeController#index as HTML
  Rendering /home/kingbayron/.rbenv/versions/2.6.4/lib/ruby/gems/2.6.0/gems/railties-6.0.0/lib/rails/templates/rails/welcome/index.html.erb
  Rendered /home/kingbayron/.rbenv/versions/2.6.4/lib/ruby/gems/2.6.0/gems/railties-6.0.0/lib/rails/templates/rails/welcome/index.html.erb (Duration: 8.0ms | Allocations: 184)
Completed 200 OK in 13ms (Views: 11.9ms | ActiveRecord: 0.0ms | Allocations: 2602)


Started GET "/" for 127.0.0.1 at 2019-10-05 01:18:07 -0300
Processing by Rails::WelcomeController#index as HTML
  Rendering /home/kingbayron/.rbenv/versions/2.6.4/lib/ruby/gems/2.6.0/gems/railties-6.0.0/lib/rails/templates/rails/welcome/index.html.erb
  Rendered /home/kingbayron/.rbenv/versions/2.6.4/lib/ruby/gems/2.6.0/gems/railties-6.0.0/lib/rails/templates/rails/welcome/index.html.erb (Duration: 0.2ms | Allocations: 7)
Completed 200 OK in 3ms (Views: 2.2ms | ActiveRecord: 0.0ms | Allocations: 333)


Started GET "/" for 127.0.0.1 at 2019-10-05 01:23:27 -0300
  [1m[35m (50.3ms)[0m  [1m[34mSELECT "schema_migrations"."version" FROM "schema_migrations" ORDER BY "schema_migrations"."version" ASC[0m
Processing by Rails::WelcomeController#index as HTML
  Rendering /home/kingbayron/.rbenv/versions/2.6.4/lib/ruby/gems/2.6.0/gems/railties-6.0.0/lib/rails/templates/rails/welcome/index.html.erb
  Rendered /home/kingbayron/.rbenv/versions/2.6.4/lib/ruby/gems/2.6.0/gems/railties-6.0.0/lib/rails/templates/rails/welcome/index.html.erb (Duration: 38.4ms | Allocations: 309)
Completed 200 OK in 180ms (Views: 70.5ms | ActiveRecord: 0.0ms | Allocations: 1728)


Started GET "/users/sign_up" for 127.0.0.1 at 2019-10-05 01:23:38 -0300
Processing by Devise::RegistrationsController#new as HTML
  Rendering devise/registrations/new.html.erb within layouts/application
  Rendered devise/shared/_error_messages.html.erb (Duration: 7.6ms | Allocations: 207)
  Rendered devise/shared/_links.html.erb (Duration: 2.9ms | Allocations: 530)
  Rendered devise/registrations/new.html.erb within layouts/application (Duration: 214.4ms | Allocations: 4912)
Completed 200 OK in 7655ms (Views: 7448.3ms | ActiveRecord: 157.6ms | Allocations: 1256340)


Started GET "/users/sign_up" for 127.0.0.1 at 2019-10-05 01:24:04 -0300
Processing by Devise::RegistrationsController#new as HTML
  Rendering devise/registrations/new.html.erb within layouts/application
  Rendered devise/shared/_error_messages.html.erb (Duration: 0.0ms | Allocations: 15)
  Rendered devise/shared/_links.html.erb (Duration: 0.1ms | Allocations: 78)
  Rendered devise/registrations/new.html.erb within layouts/application (Duration: 3.1ms | Allocations: 1070)
Completed 200 OK in 13ms (Views: 12.7ms | ActiveRecord: 0.0ms | Allocations: 4936)


Started GET "/users/sign_up" for 127.0.0.1 at 2019-10-05 01:33:41 -0300
Processing by Devise::RegistrationsController#new as HTML
Completed 500 Internal Server Error in 37ms (ActiveRecord: 0.0ms | Allocations: 1318)


  
NoMethodError (undefined method `<<' for nil:NilClass):
  
app/controllers/application_controller.rb:9:in `configure_permitted_parameters'
Started GET "/users/sign_up" for 127.0.0.1 at 2019-10-05 01:34:17 -0300
Processing by Devise::RegistrationsController#new as HTML
  Rendering devise/registrations/new.html.erb within layouts/application
  Rendered devise/shared/_error_messages.html.erb (Duration: 0.8ms | Allocations: 197)
  Rendered devise/shared/_links.html.erb (Duration: 1.0ms | Allocations: 477)
  Rendered devise/registrations/new.html.erb within layouts/application (Duration: 9.5ms | Allocations: 2605)
Completed 200 OK in 67ms (Views: 29.9ms | ActiveRecord: 6.2ms | Allocations: 15680)


Started POST "/users" for 127.0.0.1 at 2019-10-05 01:34:36 -0300
Processing by Devise::RegistrationsController#create as HTML
  Parameters: {"authenticity_token"=>"EMvfZhpdK1RLWJpLZHn0wIhK/8mxonRzrzsUQDXYGWA4GJjVB8T27ATqM+stXrWa/xHFsXwNmgv65TtzQV0Akg==", "user"=>{"email"=>"correo@correo.com", "nombre"=>"bayron", "password"=>"[FILTERED]", "password_confirmation"=>"[FILTERED]"}, "commit"=>"Sign up"}
[31mUnpermitted parameter: :password_confirmation[0m
  [1m[35m (0.2ms)[0m  [1m[35mBEGIN[0m
  [1m[36mUser Exists? (9.5ms)[0m  [1m[34mSELECT 1 AS one FROM "users" WHERE "users"."email" = $1 LIMIT $2[0m  [["email", "correo@correo.com"], ["LIMIT", 1]]
  [1m[36mUser Create (45.0ms)[0m  [1m[32mINSERT INTO "users" ("email", "encrypted_password", "created_at", "updated_at", "nombre") VALUES ($1, $2, $3, $4, $5) RETURNING "id"[0m  [["email", "correo@correo.com"], ["encrypted_password", "$2a$11$mBUIHNzPSnXydQAN4D473.F.lDBuXRTBdIEdDTQB5yZgJyrFsTUiu"], ["created_at", "2019-10-05 04:34:36.697638"], ["updated_at", "2019-10-05 04:34:36.697638"], ["nombre", "bayron"]]
  [1m[35m (7.6ms)[0m  [1m[35mCOMMIT[0m
Redirected to http://localhost:3000/
Completed 302 Found in 382ms (ActiveRecord: 62.2ms | Allocations: 9399)


Started GET "/" for 127.0.0.1 at 2019-10-05 01:34:36 -0300
Processing by Rails::WelcomeController#index as HTML
  Rendering /home/kingbayron/.rbenv/versions/2.6.4/lib/ruby/gems/2.6.0/gems/railties-6.0.0/lib/rails/templates/rails/welcome/index.html.erb
  Rendered /home/kingbayron/.rbenv/versions/2.6.4/lib/ruby/gems/2.6.0/gems/railties-6.0.0/lib/rails/templates/rails/welcome/index.html.erb (Duration: 4.2ms | Allocations: 184)
Completed 200 OK in 8ms (Views: 6.9ms | ActiveRecord: 0.0ms | Allocations: 938)


Started GET "/users/sign_up" for 127.0.0.1 at 2019-10-05 01:36:06 -0300
  [1m[35m (0.5ms)[0m  [1m[34mSELECT "schema_migrations"."version" FROM "schema_migrations" ORDER BY "schema_migrations"."version" ASC[0m
Processing by Devise::RegistrationsController#new as HTML
  [1m[36mUser Load (0.6ms)[0m  [1m[34mSELECT "users".* FROM "users" WHERE "users"."id" = $1 ORDER BY "users"."id" ASC LIMIT $2[0m  [["id", 3], ["LIMIT", 1]]
Redirected to http://localhost:3000/
Filter chain halted as :require_no_authentication rendered or redirected
Completed 302 Found in 45ms (ActiveRecord: 5.3ms | Allocations: 12190)


Started GET "/" for 127.0.0.1 at 2019-10-05 01:36:06 -0300
Processing by Rails::WelcomeController#index as HTML
  Rendering /home/kingbayron/.rbenv/versions/2.6.4/lib/ruby/gems/2.6.0/gems/railties-6.0.0/lib/rails/templates/rails/welcome/index.html.erb
  Rendered /home/kingbayron/.rbenv/versions/2.6.4/lib/ruby/gems/2.6.0/gems/railties-6.0.0/lib/rails/templates/rails/welcome/index.html.erb (Duration: 13.5ms | Allocations: 308)
Completed 200 OK in 32ms (Views: 28.9ms | ActiveRecord: 0.0ms | Allocations: 1831)


Started GET "/users/sign_up" for 127.0.0.1 at 2019-10-05 01:36:12 -0300
Processing by Devise::RegistrationsController#new as HTML
  [1m[36mUser Load (6.2ms)[0m  [1m[34mSELECT "users".* FROM "users" WHERE "users"."id" = $1 ORDER BY "users"."id" ASC LIMIT $2[0m  [["id", 3], ["LIMIT", 1]]
Redirected to http://localhost:3000/
Filter chain halted as :require_no_authentication rendered or redirected
Completed 302 Found in 24ms (ActiveRecord: 6.2ms | Allocations: 2765)


Started GET "/" for 127.0.0.1 at 2019-10-05 01:36:12 -0300
Processing by Rails::WelcomeController#index as HTML
  Rendering /home/kingbayron/.rbenv/versions/2.6.4/lib/ruby/gems/2.6.0/gems/railties-6.0.0/lib/rails/templates/rails/welcome/index.html.erb
  Rendered /home/kingbayron/.rbenv/versions/2.6.4/lib/ruby/gems/2.6.0/gems/railties-6.0.0/lib/rails/templates/rails/welcome/index.html.erb (Duration: 4.2ms | Allocations: 190)
Completed 200 OK in 6ms (Views: 4.9ms | ActiveRecord: 0.0ms | Allocations: 979)


Started GET "/" for 127.0.0.1 at 2019-10-05 01:36:31 -0300
Processing by Rails::WelcomeController#index as HTML
  Rendering /home/kingbayron/.rbenv/versions/2.6.4/lib/ruby/gems/2.6.0/gems/railties-6.0.0/lib/rails/templates/rails/welcome/index.html.erb
  Rendered /home/kingbayron/.rbenv/versions/2.6.4/lib/ruby/gems/2.6.0/gems/railties-6.0.0/lib/rails/templates/rails/welcome/index.html.erb (Duration: 0.3ms | Allocations: 8)
Completed 200 OK in 1ms (Views: 0.8ms | ActiveRecord: 0.0ms | Allocations: 336)


Started GET "/users/sign_up" for 127.0.0.1 at 2019-10-05 01:36:35 -0300
Processing by Devise::RegistrationsController#new as HTML
  Rendering devise/registrations/new.html.erb within layouts/application
  Rendered devise/shared/_error_messages.html.erb (Duration: 5.0ms | Allocations: 207)
  Rendered devise/shared/_links.html.erb (Duration: 0.9ms | Allocations: 521)
  Rendered devise/registrations/new.html.erb within layouts/application (Duration: 14.6ms | Allocations: 3540)
Completed 200 OK in 1525ms (Views: 1503.4ms | ActiveRecord: 0.0ms | Allocations: 1249143)


Started GET "/" for 127.0.0.1 at 2019-10-05 01:37:57 -0300
Processing by Rails::WelcomeController#index as HTML
  Rendering /home/kingbayron/.rbenv/versions/2.6.4/lib/ruby/gems/2.6.0/gems/railties-6.0.0/lib/rails/templates/rails/welcome/index.html.erb
  Rendered /home/kingbayron/.rbenv/versions/2.6.4/lib/ruby/gems/2.6.0/gems/railties-6.0.0/lib/rails/templates/rails/welcome/index.html.erb (Duration: 0.3ms | Allocations: 8)
Completed 200 OK in 2ms (Views: 1.4ms | ActiveRecord: 0.0ms | Allocations: 431)


Started GET "/users/sign_up" for 127.0.0.1 at 2019-10-05 01:38:01 -0300
Processing by Devise::RegistrationsController#new as HTML
  Rendering devise/registrations/new.html.erb within layouts/application
  Rendered devise/shared/_error_messages.html.erb (Duration: 0.0ms | Allocations: 15)
  Rendered devise/shared/_links.html.erb (Duration: 0.1ms | Allocations: 78)
  Rendered devise/registrations/new.html.erb within layouts/application (Duration: 4.7ms | Allocations: 1260)
Completed 200 OK in 13ms (Views: 12.0ms | ActiveRecord: 0.0ms | Allocations: 5155)


Started GET "/users/sign_up" for 127.0.0.1 at 2019-10-05 01:38:19 -0300
Processing by Devise::RegistrationsController#new as HTML
  Rendering devise/registrations/new.html.erb within layouts/application
  Rendered devise/shared/_error_messages.html.erb (Duration: 4.5ms | Allocations: 197)
  Rendered devise/shared/_links.html.erb (Duration: 0.8ms | Allocations: 466)
  Rendered devise/registrations/new.html.erb within layouts/application (Duration: 15.4ms | Allocations: 2475)
Completed 200 OK in 32ms (Views: 31.5ms | ActiveRecord: 0.0ms | Allocations: 8246)


Started GET "/users/sign_up" for 127.0.0.1 at 2019-10-05 01:38:41 -0300
Processing by Devise::RegistrationsController#new as HTML
  Rendering devise/registrations/new.html.erb within layouts/application
  Rendered devise/shared/_error_messages.html.erb (Duration: 0.5ms | Allocations: 197)
  Rendered devise/shared/_links.html.erb (Duration: 0.9ms | Allocations: 466)
  Rendered devise/registrations/new.html.erb within layouts/application (Duration: 7.5ms | Allocations: 2501)
Completed 200 OK in 21ms (Views: 20.1ms | ActiveRecord: 0.0ms | Allocations: 8232)


Started GET "/users/sign_up" for 127.0.0.1 at 2019-10-05 01:39:08 -0300
Processing by Devise::RegistrationsController#new as HTML
  Rendering devise/registrations/new.html.erb within layouts/application
  Rendered devise/shared/_error_messages.html.erb (Duration: 0.6ms | Allocations: 197)
  Rendered devise/shared/_links.html.erb (Duration: 0.8ms | Allocations: 466)
  Rendered devise/registrations/new.html.erb within layouts/application (Duration: 17.9ms | Allocations: 2564)
Completed 200 OK in 33ms (Views: 32.0ms | ActiveRecord: 0.0ms | Allocations: 8296)


Started GET "/users/sign_up" for 127.0.0.1 at 2019-10-05 01:39:40 -0300
Processing by Devise::RegistrationsController#new as HTML
  Rendering devise/registrations/new.html.erb within layouts/application
  Rendered devise/shared/_error_messages.html.erb (Duration: 0.6ms | Allocations: 197)
  Rendered devise/shared/_links.html.erb (Duration: 0.8ms | Allocations: 466)
  Rendered devise/registrations/new.html.erb within layouts/application (Duration: 20.0ms | Allocations: 2505)
Completed 200 OK in 34ms (Views: 33.5ms | ActiveRecord: 0.0ms | Allocations: 8251)


Started GET "/users/sign_up" for 127.0.0.1 at 2019-10-05 01:39:53 -0300
Processing by Devise::RegistrationsController#new as HTML
  Rendering devise/registrations/new.html.erb within layouts/application
  Rendered devise/shared/_error_messages.html.erb (Duration: 0.7ms | Allocations: 197)
  Rendered devise/shared/_links.html.erb (Duration: 4.3ms | Allocations: 466)
  Rendered devise/registrations/new.html.erb within layouts/application (Duration: 9.7ms | Allocations: 2505)
Completed 200 OK in 23ms (Views: 22.0ms | ActiveRecord: 0.0ms | Allocations: 8241)


Started GET "/users/sign_up" for 127.0.0.1 at 2019-10-05 01:40:13 -0300
Processing by Devise::RegistrationsController#new as HTML
  Rendering devise/registrations/new.html.erb within layouts/application
  Rendered devise/shared/_error_messages.html.erb (Duration: 0.6ms | Allocations: 197)
  Rendered devise/shared/_links.html.erb (Duration: 6.8ms | Allocations: 466)
  Rendered devise/registrations/new.html.erb within layouts/application (Duration: 11.4ms | Allocations: 2731)
Completed 200 OK in 38ms (Views: 37.0ms | ActiveRecord: 0.0ms | Allocations: 8478)


Started GET "/" for 127.0.0.1 at 2019-10-05 02:04:16 -0300
  [1m[35m (4.0ms)[0m  [1m[34mSELECT "schema_migrations"."version" FROM "schema_migrations" ORDER BY "schema_migrations"."version" ASC[0m
Processing by Rails::WelcomeController#index as HTML
  Rendering /home/kingbayron/.rbenv/versions/2.6.4/lib/ruby/gems/2.6.0/gems/railties-6.0.0/lib/rails/templates/rails/welcome/index.html.erb
  Rendered /home/kingbayron/.rbenv/versions/2.6.4/lib/ruby/gems/2.6.0/gems/railties-6.0.0/lib/rails/templates/rails/welcome/index.html.erb (Duration: 4.3ms | Allocations: 309)
Completed 200 OK in 20ms (Views: 7.0ms | ActiveRecord: 0.0ms | Allocations: 1842)


Started GET "/" for 127.0.0.1 at 2019-10-05 02:04:50 -0300
  
ArgumentError (Missing :controller key on routes definition, please check your routes.):
  
config/routes.rb:2:in `block in <main>'
config/routes.rb:1:in `<main>'
Started GET "/home/index" for 127.0.0.1 at 2019-10-05 02:05:10 -0300
  
ActionController::RoutingError (No route matches [GET] "/home/index"):
  
actionpack (6.0.0) lib/action_dispatch/middleware/debug_exceptions.rb:36:in `call'
web-console (4.0.1) lib/web_console/middleware.rb:132:in `call_app'
web-console (4.0.1) lib/web_console/middleware.rb:28:in `block in call'
web-console (4.0.1) lib/web_console/middleware.rb:17:in `catch'
web-console (4.0.1) lib/web_console/middleware.rb:17:in `call'
actionpack (6.0.0) lib/action_dispatch/middleware/show_exceptions.rb:33:in `call'
railties (6.0.0) lib/rails/rack/logger.rb:38:in `call_app'
railties (6.0.0) lib/rails/rack/logger.rb:26:in `block in call'
activesupport (6.0.0) lib/active_support/tagged_logging.rb:80:in `block in tagged'
activesupport (6.0.0) lib/active_support/tagged_logging.rb:28:in `tagged'
activesupport (6.0.0) lib/active_support/tagged_logging.rb:80:in `tagged'
railties (6.0.0) lib/rails/rack/logger.rb:26:in `call'
sprockets-rails (3.2.1) lib/sprockets/rails/quiet_assets.rb:13:in `call'
actionpack (6.0.0) lib/action_dispatch/middleware/remote_ip.rb:81:in `call'
actionpack (6.0.0) lib/action_dispatch/middleware/request_id.rb:27:in `call'
rack (2.0.7) lib/rack/method_override.rb:22:in `call'
rack (2.0.7) lib/rack/runtime.rb:22:in `call'
activesupport (6.0.0) lib/active_support/cache/strategy/local_cache_middleware.rb:29:in `call'
actionpack (6.0.0) lib/action_dispatch/middleware/executor.rb:14:in `call'
actionpack (6.0.0) lib/action_dispatch/middleware/static.rb:126:in `call'
rack (2.0.7) lib/rack/sendfile.rb:111:in `call'
actionpack (6.0.0) lib/action_dispatch/middleware/host_authorization.rb:83:in `call'
webpacker (4.0.7) lib/webpacker/dev_server_proxy.rb:29:in `perform_request'
rack-proxy (0.6.5) lib/rack/proxy.rb:57:in `call'
railties (6.0.0) lib/rails/engine.rb:526:in `call'
puma (3.12.1) lib/puma/configuration.rb:227:in `call'
puma (3.12.1) lib/puma/server.rb:660:in `handle_request'
puma (3.12.1) lib/puma/server.rb:474:in `process_client'
puma (3.12.1) lib/puma/server.rb:334:in `block in run'
puma (3.12.1) lib/puma/thread_pool.rb:135:in `block in spawn_thread'
Started GET "/home/index" for 127.0.0.1 at 2019-10-05 02:05:23 -0300
  
ArgumentError (Missing :controller key on routes definition, please check your routes.):
  
config/routes.rb:2:in `block in <main>'
config/routes.rb:1:in `<main>'
Started GET "/home/index" for 127.0.0.1 at 2019-10-05 02:05:35 -0300
  
ArgumentError (Missing :controller key on routes definition, please check your routes.):
  
config/routes.rb:2:in `block in <main>'
config/routes.rb:1:in `<main>'
Started GET "/home/index" for 127.0.0.1 at 2019-10-05 02:06:18 -0300
Processing by HomeController#index as HTML
  Rendering home/index.html.erb within layouts/application
  Rendered home/index.html.erb within layouts/application (Duration: 0.4ms | Allocations: 82)
Completed 200 OK in 1561ms (Views: 1558.9ms | ActiveRecord: 0.0ms | Allocations: 1249551)


Started GET "/bienvenida" for 127.0.0.1 at 2019-10-05 02:06:59 -0300
  
SyntaxError (/home/kingbayron/Desktop/ruby/tarea2/config/routes.rb:2: syntax error, unexpected tIDENTIFIER, expecting end
  get "bienvenida" to 'home#index'
                   ^~
/home/kingbayron/Desktop/ruby/tarea2/config/routes.rb:5: syntax error, unexpected end, expecting end-of-input):
  
config/routes.rb:2: syntax error, unexpected tIDENTIFIER, expecting end
config/routes.rb:5: syntax error, unexpected end, expecting end-of-input
config/routes.rb:2: syntax error, unexpected tIDENTIFIER, expecting end
config/routes.rb:5: syntax error, unexpected end, expecting end-of-input
config/routes.rb:2: syntax error, unexpected tIDENTIFIER, expecting end
config/routes.rb:5: syntax error, unexpected end, expecting end-of-input
Started GET "/bienvenida" for 127.0.0.1 at 2019-10-05 02:07:28 -0300
  
SyntaxError (/home/kingbayron/Desktop/ruby/tarea2/config/routes.rb:2: syntax error, unexpected tIDENTIFIER, expecting end
  get "bienvenida" to: 'home#index'
                   ^~):
  
config/routes.rb:2: syntax error, unexpected tIDENTIFIER, expecting end
config/routes.rb:2: syntax error, unexpected tIDENTIFIER, expecting end
config/routes.rb:2: syntax error, unexpected tIDENTIFIER, expecting end
Started GET "/bienvenida" for 127.0.0.1 at 2019-10-05 02:08:57 -0300
  
SyntaxError (/home/kingbayron/Desktop/ruby/tarea2/config/routes.rb:2: syntax error, unexpected tIDENTIFIER, expecting end
  get "bienvenida" to: "home#index"
                   ^~):
  
config/routes.rb:2: syntax error, unexpected tIDENTIFIER, expecting end
config/routes.rb:2: syntax error, unexpected tIDENTIFIER, expecting end
config/routes.rb:2: syntax error, unexpected tIDENTIFIER, expecting end
Started GET "/bienvenida" for 127.0.0.1 at 2019-10-05 02:12:07 -0300
  [1m[35m (0.6ms)[0m  [1m[34mSELECT "schema_migrations"."version" FROM "schema_migrations" ORDER BY "schema_migrations"."version" ASC[0m
Processing by HomeController#index as HTML
  Rendering home/index.html.erb within layouts/application
  Rendered home/index.html.erb within layouts/application (Duration: 0.4ms | Allocations: 202)
Completed 200 OK in 1522ms (Views: 1504.8ms | ActiveRecord: 0.0ms | Allocations: 1245909)


Started GET "/bienvenida" for 127.0.0.1 at 2019-10-05 02:15:40 -0300
Processing by HomeController#index as HTML
  Rendering home/index.html.erb within layouts/application
  [1m[36mUser Load (0.6ms)[0m  [1m[34mSELECT "users".* FROM "users"[0m
  ↳ app/views/home/index.html.erb:1
  Rendered home/index.html.erb within layouts/application (Duration: 47.8ms | Allocations: 9093)
Completed 200 OK in 76ms (Views: 68.8ms | ActiveRecord: 4.4ms | Allocations: 15513)


Started GET "/bienvenida" for 127.0.0.1 at 2019-10-05 02:16:29 -0300
Processing by HomeController#index as HTML
  Rendering home/index.html.erb within layouts/application
  [1m[36mUser Load (2.8ms)[0m  [1m[34mSELECT "users".* FROM "users"[0m
  ↳ app/views/home/index.html.erb:1
  Rendered home/index.html.erb within layouts/application (Duration: 5.4ms | Allocations: 1053)
Completed 200 OK in 25ms (Views: 21.0ms | ActiveRecord: 2.8ms | Allocations: 6739)


Started GET "/bienvenida" for 127.0.0.1 at 2019-10-05 02:16:42 -0300
Processing by HomeController#index as HTML
  Rendering home/index.html.erb within layouts/application
  [1m[36mUser Load (3.4ms)[0m  [1m[34mSELECT "users".* FROM "users"[0m
  ↳ app/views/home/index.html.erb:1
  Rendered home/index.html.erb within layouts/application (Duration: 5.9ms | Allocations: 1042)
Completed 200 OK in 19ms (Views: 14.2ms | ActiveRecord: 3.4ms | Allocations: 6705)


Started GET "/bienvenida" for 127.0.0.1 at 2019-10-05 02:16:59 -0300
Processing by HomeController#index as HTML
  Rendering home/index.html.erb within layouts/application
  [1m[36mUser Load (0.3ms)[0m  [1m[34mSELECT "users".* FROM "users"[0m
  ↳ app/views/home/index.html.erb:1
  Rendered home/index.html.erb within layouts/application (Duration: 2.9ms | Allocations: 1049)
Completed 200 OK in 24ms (Views: 18.3ms | ActiveRecord: 0.3ms | Allocations: 6741)


Started GET "/bienvenida" for 127.0.0.1 at 2019-10-05 02:17:27 -0300
Processing by HomeController#index as HTML
  Rendering home/index.html.erb within layouts/application
  [1m[36mUser Load (0.3ms)[0m  [1m[34mSELECT "users".* FROM "users"[0m
  ↳ app/views/home/index.html.erb:1
  Rendered home/index.html.erb within layouts/application (Duration: 2.2ms | Allocations: 783)
Completed 200 OK in 24ms (Views: 22.8ms | ActiveRecord: 0.3ms | Allocations: 6463)


Started GET "/bienvenida" for 127.0.0.1 at 2019-10-05 02:17:38 -0300
Processing by HomeController#index as HTML
  Rendering home/index.html.erb within layouts/application
  [1m[36mUser Load (0.3ms)[0m  [1m[34mSELECT "users".* FROM "users"[0m
  ↳ app/views/home/index.html.erb:1
  Rendered home/index.html.erb within layouts/application (Duration: 1.8ms | Allocations: 778)
Completed 200 OK in 21ms (Views: 19.8ms | ActiveRecord: 0.3ms | Allocations: 6457)


Started GET "/bienvenida" for 127.0.0.1 at 2019-10-05 02:18:11 -0300
Processing by HomeController#index as HTML
  Rendering home/index.html.erb within layouts/application
  Rendered home/index.html.erb within layouts/application (Duration: 0.3ms | Allocations: 81)
Completed 200 OK in 21ms (Views: 20.3ms | ActiveRecord: 0.0ms | Allocations: 5752)


Started GET "/bienvenida" for 127.0.0.1 at 2019-10-05 02:22:54 -0300
  [1m[35m (0.7ms)[0m  [1m[34mSELECT "schema_migrations"."version" FROM "schema_migrations" ORDER BY "schema_migrations"."version" ASC[0m
Processing by HomeController#index as HTML
  Rendering home/index.html.erb within layouts/application
  Rendered home/index.html.erb within layouts/application (Duration: 0.5ms | Allocations: 202)
Completed 200 OK in 1943ms (Views: 1932.5ms | ActiveRecord: 0.0ms | Allocations: 1245968)


Started GET "/curso" for 127.0.0.1 at 2019-10-05 02:23:04 -0300
Processing by HomeController#curso as HTML
  Rendering home/curso.html.erb within layouts/application
  Rendered home/curso.html.erb within layouts/application (Duration: 0.2ms | Allocations: 89)
Completed 200 OK in 13ms (Views: 11.7ms | ActiveRecord: 0.0ms | Allocations: 4797)


Started GET "/users/edit" for 127.0.0.1 at 2019-10-05 02:27:48 -0300
Processing by Devise::RegistrationsController#edit as HTML
Completed 401 Unauthorized in 9ms (ActiveRecord: 0.0ms | Allocations: 411)


Started GET "/users/sign_in" for 127.0.0.1 at 2019-10-05 02:27:48 -0300
Processing by Devise::SessionsController#new as HTML
  Rendering devise/sessions/new.html.erb within layouts/application
  Rendered devise/shared/_links.html.erb (Duration: 2.3ms | Allocations: 611)
  Rendered devise/sessions/new.html.erb within layouts/application (Duration: 28.7ms | Allocations: 3157)
Completed 200 OK in 94ms (Views: 51.7ms | ActiveRecord: 9.1ms | Allocations: 17643)


Started POST "/users/sign_in" for 127.0.0.1 at 2019-10-05 02:27:56 -0300
Processing by Devise::SessionsController#create as HTML
  Parameters: {"authenticity_token"=>"7efAf6ZAPJqj26K7j9iJz4PU5YkkT0Gi+svOTvpIC1ZhhuWWTpTY+u+TAvpZaP6ShBiVb+/LcQ4y8QHp4R0Ing==", "user"=>{"email"=>"kingbayron@gmail.com", "password"=>"[FILTERED]", "remember_me"=>"0"}, "commit"=>"Log in"}
  [1m[36mUser Load (0.8ms)[0m  [1m[34mSELECT "users".* FROM "users" WHERE "users"."email" = $1 ORDER BY "users"."id" ASC LIMIT $2[0m  [["email", "kingbayron@gmail.com"], ["LIMIT", 1]]
Redirected to http://localhost:3000/users/edit
Completed 302 Found in 373ms (ActiveRecord: 2.7ms | Allocations: 5884)


Started GET "/users/edit" for 127.0.0.1 at 2019-10-05 02:27:56 -0300
Processing by Devise::RegistrationsController#edit as HTML
  [1m[36mUser Load (0.2ms)[0m  [1m[34mSELECT "users".* FROM "users" WHERE "users"."id" = $1 ORDER BY "users"."id" ASC LIMIT $2[0m  [["id", 1], ["LIMIT", 1]]
  Rendering devise/registrations/edit.html.erb within layouts/application
  Rendered devise/shared/_error_messages.html.erb (Duration: 0.6ms | Allocations: 206)
  Rendered devise/registrations/edit.html.erb within layouts/application (Duration: 5.0ms | Allocations: 2267)
Completed 200 OK in 29ms (Views: 25.0ms | ActiveRecord: 0.2ms | Allocations: 9465)


Started GET "/users/edit" for 127.0.0.1 at 2019-10-05 02:29:40 -0300
Processing by Devise::RegistrationsController#edit as HTML
  [1m[36mUser Load (2.3ms)[0m  [1m[34mSELECT "users".* FROM "users" WHERE "users"."id" = $1 ORDER BY "users"."id" ASC LIMIT $2[0m  [["id", 1], ["LIMIT", 1]]
  Rendering devise/registrations/edit.html.erb within layouts/application
  Rendered devise/shared/_error_messages.html.erb (Duration: 0.5ms | Allocations: 197)
  Rendered devise/registrations/edit.html.erb within layouts/application (Duration: 10.6ms | Allocations: 2212)
Completed 200 OK in 90ms (Views: 39.2ms | ActiveRecord: 12.0ms | Allocations: 17714)


Started GET "/users/edit" for 127.0.0.1 at 2019-10-05 02:31:01 -0300
Processing by Devise::RegistrationsController#edit as HTML
  [1m[36mUser Load (0.2ms)[0m  [1m[34mSELECT "users".* FROM "users" WHERE "users"."id" = $1 ORDER BY "users"."id" ASC LIMIT $2[0m  [["id", 1], ["LIMIT", 1]]
  Rendering devise/registrations/edit.html.erb within layouts/application
  Rendered devise/shared/_error_messages.html.erb (Duration: 0.6ms | Allocations: 197)
  Rendered devise/registrations/edit.html.erb within layouts/application (Duration: 813.7ms | Allocations: 189210)
Completed 500 Internal Server Error in 832ms (ActiveRecord: 0.2ms | Allocations: 192839)


  
ActionView::Template::Error (undefined method `integer_field' for #<ActionView::Helpers::FormBuilder:0x00007fd29e686960>):
    12:   </div>
    13:   <div class="field">
    14:     <%= f.label :Tipo_usuario %><br />
    15:     <%= f.integer_field :tipouser %>
    16:   </div>
    17:   <div class="field">
    18:     <%= f.label :Correo %><br />
  
app/views/devise/registrations/edit.html.erb:15
app/views/devise/registrations/edit.html.erb:3
Started GET "/users/edit" for 127.0.0.1 at 2019-10-05 02:31:14 -0300
Processing by Devise::RegistrationsController#edit as HTML
  [1m[36mUser Load (0.3ms)[0m  [1m[34mSELECT "users".* FROM "users" WHERE "users"."id" = $1 ORDER BY "users"."id" ASC LIMIT $2[0m  [["id", 1], ["LIMIT", 1]]
  Rendering devise/registrations/edit.html.erb within layouts/application
  Rendered devise/shared/_error_messages.html.erb (Duration: 0.5ms | Allocations: 197)
  Rendered devise/registrations/edit.html.erb within layouts/application (Duration: 829.8ms | Allocations: 189103)
Completed 500 Internal Server Error in 847ms (ActiveRecord: 0.3ms | Allocations: 192804)


  
ActionView::Template::Error (undefined method `int_field' for #<ActionView::Helpers::FormBuilder:0x00007fd29e975f68>
Did you mean?  month_field):
    12:   </div>
    13:   <div class="field">
    14:     <%= f.label :Tipo_usuario %><br />
    15:     <%= f.int_field :tipouser %>
    16:   </div>
    17:   <div class="field">
    18:     <%= f.label :Correo %><br />
  
app/views/devise/registrations/edit.html.erb:15
app/views/devise/registrations/edit.html.erb:3
Started GET "/users/edit" for 127.0.0.1 at 2019-10-05 02:31:49 -0300
Processing by Devise::RegistrationsController#edit as HTML
  [1m[36mUser Load (0.3ms)[0m  [1m[34mSELECT "users".* FROM "users" WHERE "users"."id" = $1 ORDER BY "users"."id" ASC LIMIT $2[0m  [["id", 1], ["LIMIT", 1]]
  Rendering devise/registrations/edit.html.erb within layouts/application
  Rendered devise/shared/_error_messages.html.erb (Duration: 0.6ms | Allocations: 197)
  Rendered devise/registrations/edit.html.erb within layouts/application (Duration: 54.6ms | Allocations: 4901)
Completed 200 OK in 88ms (Views: 84.5ms | ActiveRecord: 0.3ms | Allocations: 12814)


Started PUT "/users" for 127.0.0.1 at 2019-10-05 02:32:15 -0300
Processing by Devise::RegistrationsController#update as HTML
  Parameters: {"authenticity_token"=>"OEZDfCuZ+ZV+OrUkaALY6535pX9A8afRwOoPkwsofh36bgUcFt6V8BM4qOB2XKWmoS0zKzX1GID1gX+zSq6P5w==", "user"=>{"nombre"=>"Felipe", "apellido"=>"Flores", "tipouser"=>"2", "email"=>"kingbayron@gmail.com", "password"=>"[FILTERED]", "password_confirmation"=>"[FILTERED]", "current_password"=>"[FILTERED]"}, "commit"=>"Update"}
  [1m[36mUser Load (1.5ms)[0m  [1m[34mSELECT "users".* FROM "users" WHERE "users"."id" = $1 ORDER BY "users"."id" ASC LIMIT $2[0m  [["id", 1], ["LIMIT", 1]]
  [1m[36mUser Load (0.2ms)[0m  [1m[34mSELECT "users".* FROM "users" WHERE "users"."id" = $1 LIMIT $2[0m  [["id", 1], ["LIMIT", 1]]
[31mUnpermitted parameter: :password_confirmation[0m
  [1m[35m (10.3ms)[0m  [1m[35mBEGIN[0m
  [1m[36mUser Update (17.8ms)[0m  [1m[33mUPDATE "users" SET "nombre" = $1, "apellido" = $2, "tipouser" = $3, "updated_at" = $4 WHERE "users"."id" = $5[0m  [["nombre", "Felipe"], ["apellido", "Flores"], ["tipouser", 2], ["updated_at", "2019-10-05 05:32:15.556311"], ["id", 1]]
  [1m[35m (2.0ms)[0m  [1m[35mCOMMIT[0m
[31mUnpermitted parameter: :password_confirmation[0m
[31mUnpermitted parameter: :password_confirmation[0m
[31mUnpermitted parameter: :password_confirmation[0m
Redirected to http://localhost:3000/
Completed 302 Found in 329ms (ActiveRecord: 31.8ms | Allocations: 10507)


Started GET "/" for 127.0.0.1 at 2019-10-05 02:32:15 -0300
Processing by Rails::WelcomeController#index as HTML
  Rendering /home/kingbayron/.rbenv/versions/2.6.4/lib/ruby/gems/2.6.0/gems/railties-6.0.0/lib/rails/templates/rails/welcome/index.html.erb
  Rendered /home/kingbayron/.rbenv/versions/2.6.4/lib/ruby/gems/2.6.0/gems/railties-6.0.0/lib/rails/templates/rails/welcome/index.html.erb (Duration: 2.9ms | Allocations: 189)
Completed 200 OK in 9ms (Views: 7.9ms | ActiveRecord: 0.0ms | Allocations: 1025)


Started GET "/bienvenida" for 127.0.0.1 at 2019-10-05 02:34:15 -0300
Processing by HomeController#index as HTML
  Rendering home/index.html.erb within layouts/application
  [1m[36mUser Load (0.3ms)[0m  [1m[34mSELECT "users".* FROM "users"[0m
  ↳ app/views/home/index.html.erb:2
  Rendered home/index.html.erb within layouts/application (Duration: 2.3ms | Allocations: 796)
Completed 200 OK in 17ms (Views: 15.6ms | ActiveRecord: 0.3ms | Allocations: 6534)


Started GET "/bienvenida" for 127.0.0.1 at 2019-10-05 02:34:38 -0300
Processing by HomeController#index as HTML
  Rendering home/index.html.erb within layouts/application
  [1m[36mUser Load (2.8ms)[0m  [1m[34mSELECT "users".* FROM "users"[0m
  ↳ app/views/home/index.html.erb:2
  Rendered home/index.html.erb within layouts/application (Duration: 4.6ms | Allocations: 791)
Completed 200 OK in 27ms (Views: 23.6ms | ActiveRecord: 2.8ms | Allocations: 6479)


Started GET "/bienvenida" for 127.0.0.1 at 2019-10-05 02:36:18 -0300
Processing by HomeController#index as HTML
  Rendering home/index.html.erb within layouts/application
  [1m[36mUser Load (0.2ms)[0m  [1m[34mSELECT "users".* FROM "users"[0m
  ↳ app/views/home/index.html.erb:2
  Rendered home/index.html.erb within layouts/application (Duration: 5.4ms | Allocations: 1725)
Completed 500 Internal Server Error in 11ms (ActiveRecord: 0.2ms | Allocations: 3036)


  
ActionView::Template::Error (wrong number of arguments (given 1, expected 0)):
    1: <h1>Pagina principal</h1>
    2: <% @users.each do |f| %>
    3: 	<% ifequal f.tipouser nil %>
    4: 		<p><%= "nil" %></p>
    5: 	<% endifequal %>
    6: 	<p><%= f.tipouser %></p>
  
app/views/home/index.html.erb:3
app/views/home/index.html.erb:2
Started GET "/bienvenida" for 127.0.0.1 at 2019-10-05 02:37:36 -0300
Processing by HomeController#index as HTML
  Rendering home/index.html.erb within layouts/application
  [1m[36mUser Load (6.0ms)[0m  [1m[34mSELECT "users".* FROM "users"[0m
  ↳ app/views/home/index.html.erb:2
  Rendered home/index.html.erb within layouts/application (Duration: 8.6ms | Allocations: 838)
Completed 200 OK in 28ms (Views: 21.2ms | ActiveRecord: 6.0ms | Allocations: 6529)


Started GET "/bienvenida" for 127.0.0.1 at 2019-10-05 02:37:46 -0300
Processing by HomeController#index as HTML
  Rendering home/index.html.erb within layouts/application
  [1m[36mUser Load (1.8ms)[0m  [1m[34mSELECT "users".* FROM "users"[0m
  ↳ app/views/home/index.html.erb:2
  Rendered home/index.html.erb within layouts/application (Duration: 5.5ms | Allocations: 838)
Completed 200 OK in 24ms (Views: 21.2ms | ActiveRecord: 1.8ms | Allocations: 6522)


Started GET "/bienvenida" for 127.0.0.1 at 2019-10-05 02:38:07 -0300
Processing by HomeController#index as HTML
  Rendering home/index.html.erb within layouts/application
  [1m[36mUser Load (0.3ms)[0m  [1m[34mSELECT "users".* FROM "users"[0m
  ↳ app/views/home/index.html.erb:2
  Rendered home/index.html.erb within layouts/application (Duration: 7.8ms | Allocations: 845)
Completed 200 OK in 26ms (Views: 24.8ms | ActiveRecord: 0.3ms | Allocations: 6531)


Started GET "/bienvenida" for 127.0.0.1 at 2019-10-05 02:39:55 -0300
Processing by HomeController#index as HTML
  [1m[36mUser Load (0.7ms)[0m  [1m[34mSELECT "users".* FROM "users" LIMIT $1[0m  [["LIMIT", 11]]
Completed 500 Internal Server Error in 63ms (ActiveRecord: 0.0ms | Allocations: 11533)


  [1m[36mCACHE User Load (0.0ms)[0m  [1m[34mSELECT "users".* FROM "users" LIMIT $1[0m  [["LIMIT", 11]]
  
NoMethodError (undefined method `oder' for #<User::ActiveRecord_Relation:0x00007fd2a8049a98>
Did you mean?  order):
  
app/controllers/home_controller.rb:4:in `index'
Started GET "/bienvenida" for 127.0.0.1 at 2019-10-05 02:42:05 -0300
Processing by HomeController#index as HTML
  [1m[36mUser Load (0.2ms)[0m  [1m[34mSELECT "users".* FROM "users" LIMIT $1[0m  [["LIMIT", 11]]
Completed 500 Internal Server Error in 16ms (ActiveRecord: 0.0ms | Allocations: 3329)


  [1m[36mCACHE User Load (0.0ms)[0m  [1m[34mSELECT "users".* FROM "users" LIMIT $1[0m  [["LIMIT", 11]]
  
NoMethodError (undefined method `oder' for #<User::ActiveRecord_Relation:0x00007fd29e8065b0>
Did you mean?  order):
  
app/controllers/home_controller.rb:4:in `index'
Started GET "/bienvenida" for 127.0.0.1 at 2019-10-05 02:42:09 -0300
Processing by HomeController#index as HTML
  [1m[36mUser Load (2.2ms)[0m  [1m[34mSELECT "users".* FROM "users" LIMIT $1[0m  [["LIMIT", 11]]
Completed 500 Internal Server Error in 16ms (ActiveRecord: 0.0ms | Allocations: 3330)


  [1m[36mCACHE User Load (0.0ms)[0m  [1m[34mSELECT "users".* FROM "users" LIMIT $1[0m  [["LIMIT", 11]]
  
NoMethodError (undefined method `oder' for #<User::ActiveRecord_Relation:0x00007fd29db409c0>
Did you mean?  order):
  
app/controllers/home_controller.rb:4:in `index'
Started GET "/bienvenida" for 127.0.0.1 at 2019-10-05 02:42:14 -0300
Processing by HomeController#index as HTML
  [1m[36mUser Load (0.2ms)[0m  [1m[34mSELECT "users".* FROM "users" LIMIT $1[0m  [["LIMIT", 11]]
Completed 500 Internal Server Error in 21ms (ActiveRecord: 0.0ms | Allocations: 3330)


  [1m[36mCACHE User Load (0.0ms)[0m  [1m[34mSELECT "users".* FROM "users" LIMIT $1[0m  [["LIMIT", 11]]
  
NoMethodError (undefined method `oder' for #<User::ActiveRecord_Relation:0x00007fd29ebac9a8>
Did you mean?  order):
  
app/controllers/home_controller.rb:4:in `index'
Started GET "/bienvenida" for 127.0.0.1 at 2019-10-05 02:42:25 -0300
Processing by HomeController#index as HTML
  Rendering home/index.html.erb within layouts/application
  [1m[36mUser Load (1.9ms)[0m  [1m[34mSELECT "users".* FROM "users"[0m
  ↳ app/views/home/index.html.erb:2
  Rendered home/index.html.erb within layouts/application (Duration: 42.4ms | Allocations: 8246)
Completed 200 OK in 74ms (Views: 62.1ms | ActiveRecord: 9.5ms | Allocations: 14660)


Started GET "/bienvenida" for 127.0.0.1 at 2019-10-05 02:43:56 -0300
Processing by HomeController#index as HTML
  [1m[36mUser Load (0.3ms)[0m  [1m[34mSELECT "users".* FROM "users" LIMIT $1[0m  [["LIMIT", 11]]
  [1m[36mCACHE User Load (0.0ms)[0m  [1m[34mSELECT "users".* FROM "users" LIMIT $1[0m  [["LIMIT", 11]]
Completed 500 Internal Server Error in 743ms (ActiveRecord: 0.0ms | Allocations: 118716)


  [1m[36mCACHE User Load (0.1ms)[0m  [1m[34mSELECT "users".* FROM "users" LIMIT $1[0m  [["LIMIT", 11]]
  
NameError (undefined local variable or method `user' for #<HomeController:0x00007fd29e96f2f8>
Did you mean?  @users):
  
app/controllers/home_controller.rb:4:in `index'
Started GET "/bienvenida" for 127.0.0.1 at 2019-10-05 02:44:09 -0300
Processing by HomeController#index as HTML
  [1m[36mUser Load (0.4ms)[0m  [1m[34mSELECT "users".* FROM "users" LIMIT $1[0m  [["LIMIT", 11]]
  [1m[36mCACHE User Load (0.1ms)[0m  [1m[34mSELECT "users".* FROM "users" LIMIT $1[0m  [["LIMIT", 11]]
Completed 500 Internal Server Error in 831ms (ActiveRecord: 0.0ms | Allocations: 118759)


  [1m[36mCACHE User Load (0.0ms)[0m  [1m[34mSELECT "users".* FROM "users" LIMIT $1[0m  [["LIMIT", 11]]
  
NameError (undefined local variable or method `users' for #<HomeController:0x00007fd29d9d9168>
Did you mean?  @users):
  
app/controllers/home_controller.rb:4:in `index'
Started GET "/bienvenida" for 127.0.0.1 at 2019-10-05 02:44:19 -0300
Processing by HomeController#index as HTML
  Rendering home/index.html.erb within layouts/application
  [1m[36mUser Load (0.3ms)[0m  [1m[34mSELECT "users".* FROM "users"[0m
  ↳ app/views/home/index.html.erb:2
  Rendered home/index.html.erb within layouts/application (Duration: 33.8ms | Allocations: 7343)
Completed 200 OK in 66ms (Views: 56.1ms | ActiveRecord: 3.9ms | Allocations: 13602)


Started GET "/bienvenida" for 127.0.0.1 at 2019-10-05 02:44:43 -0300
Processing by HomeController#index as HTML
  Rendering home/index.html.erb within layouts/application
  [1m[36mUser Load (0.3ms)[0m  [1m[34mSELECT "users".* FROM "users"[0m
  ↳ app/views/home/index.html.erb:2
  Rendered home/index.html.erb within layouts/application (Duration: 3.0ms | Allocations: 671)
Completed 200 OK in 15ms (Views: 13.6ms | ActiveRecord: 0.3ms | Allocations: 5276)


Started GET "/bienvenida" for 127.0.0.1 at 2019-10-05 02:45:19 -0300
Processing by HomeController#index as HTML
  [1m[36mUser Load (0.3ms)[0m  [1m[34mSELECT "users".* FROM "users" ORDER BY "users"."id" ASC LIMIT $1[0m  [["LIMIT", 1]]
  ↳ app/controllers/home_controller.rb:4:in `index'
  Rendering home/index.html.erb within layouts/application
  [1m[36mUser Load (0.2ms)[0m  [1m[34mSELECT "users".* FROM "users"[0m
  ↳ app/views/home/index.html.erb:2
  Rendered home/index.html.erb within layouts/application (Duration: 3.4ms | Allocations: 672)
Completed 200 OK in 70ms (Views: 17.3ms | ActiveRecord: 9.6ms | Allocations: 14206)


Started GET "/bienvenida" for 127.0.0.1 at 2019-10-05 02:51:19 -0300
  [1m[35m (2.0ms)[0m  [1m[34mSELECT "schema_migrations"."version" FROM "schema_migrations" ORDER BY "schema_migrations"."version" ASC[0m
Processing by HomeController#index as HTML
Completed 500 Internal Server Error in 428ms (ActiveRecord: 0.0ms | Allocations: 55156)


  
NoMethodError (undefined method `order' for #<HomeController:0x000055ea4173e2f0>):
  
app/controllers/home_controller.rb:3:in `index'
Started GET "/bienvenida" for 127.0.0.1 at 2019-10-05 02:51:33 -0300
Processing by HomeController#index as HTML
Completed 500 Internal Server Error in 476ms (ActiveRecord: 0.0ms | Allocations: 55658)


  
NoMethodError (undefined method `orderby' for #<HomeController:0x00007f4451de1b28>):
  
app/controllers/home_controller.rb:3:in `index'
Started GET "/bienvenida" for 127.0.0.1 at 2019-10-05 02:55:17 -0300
Processing by HomeController#index as HTML
  Rendering home/index.html.erb within layouts/application
  [1m[36mUser Load (0.6ms)[0m  [1m[34mSELECT "users".* FROM "users" ORDER BY "users"."id" ASC[0m
  ↳ app/views/home/index.html.erb:2
  Rendered home/index.html.erb within layouts/application (Duration: 32.6ms | Allocations: 8029)
Completed 200 OK in 1516ms (Views: 1498.6ms | ActiveRecord: 7.3ms | Allocations: 1253882)


